TimeQuest Timing Analyzer report for tn5
Thu Dec 16 23:53:46 2021
Quartus II 64-Bit Version 13.0.1 Build 232 06/12/2013 Service Pack 1 SJ Web Edition


---------------------
; Table of Contents ;
---------------------
  1. Legal Notice
  2. TimeQuest Timing Analyzer Summary
  3. Parallel Compilation
  4. Clocks
  5. Slow Model Fmax Summary
  6. Slow Model Setup Summary
  7. Slow Model Hold Summary
  8. Slow Model Recovery Summary
  9. Slow Model Removal Summary
 10. Slow Model Minimum Pulse Width Summary
 11. Slow Model Setup: 'D_FF:U1|Qn'
 12. Slow Model Setup: 'D_FF:U2|Qn'
 13. Slow Model Setup: 'CLK'
 14. Slow Model Hold: 'CLK'
 15. Slow Model Hold: 'D_FF:U1|Qn'
 16. Slow Model Hold: 'D_FF:U2|Qn'
 17. Slow Model Recovery: 'D_FF:U2|Qn'
 18. Slow Model Recovery: 'CLK'
 19. Slow Model Removal: 'CLK'
 20. Slow Model Removal: 'D_FF:U2|Qn'
 21. Slow Model Minimum Pulse Width: 'CLK'
 22. Slow Model Minimum Pulse Width: 'D_FF:U1|Qn'
 23. Slow Model Minimum Pulse Width: 'D_FF:U2|Qn'
 24. Clock to Output Times
 25. Minimum Clock to Output Times
 26. Fast Model Setup Summary
 27. Fast Model Hold Summary
 28. Fast Model Recovery Summary
 29. Fast Model Removal Summary
 30. Fast Model Minimum Pulse Width Summary
 31. Fast Model Setup: 'D_FF:U1|Qn'
 32. Fast Model Setup: 'D_FF:U2|Qn'
 33. Fast Model Setup: 'CLK'
 34. Fast Model Hold: 'CLK'
 35. Fast Model Hold: 'D_FF:U1|Qn'
 36. Fast Model Hold: 'D_FF:U2|Qn'
 37. Fast Model Recovery: 'D_FF:U2|Qn'
 38. Fast Model Recovery: 'CLK'
 39. Fast Model Removal: 'CLK'
 40. Fast Model Removal: 'D_FF:U2|Qn'
 41. Fast Model Minimum Pulse Width: 'CLK'
 42. Fast Model Minimum Pulse Width: 'D_FF:U1|Qn'
 43. Fast Model Minimum Pulse Width: 'D_FF:U2|Qn'
 44. Clock to Output Times
 45. Minimum Clock to Output Times
 46. Multicorner Timing Analysis Summary
 47. Clock to Output Times
 48. Minimum Clock to Output Times
 49. Setup Transfers
 50. Hold Transfers
 51. Recovery Transfers
 52. Removal Transfers
 53. Report TCCS
 54. Report RSKM
 55. Unconstrained Paths
 56. TimeQuest Timing Analyzer Messages



----------------
; Legal Notice ;
----------------
Copyright (C) 1991-2013 Altera Corporation
Your use of Altera Corporation's design tools, logic functions 
and other software and tools, and its AMPP partner logic 
functions, and any output files from any of the foregoing 
(including device programming or simulation files), and any 
associated documentation or information are expressly subject 
to the terms and conditions of the Altera Program License 
Subscription Agreement, Altera MegaCore Function License 
Agreement, or other applicable license agreement, including, 
without limitation, that your use is for the sole purpose of 
programming logic devices manufactured by Altera and sold by 
Altera or its authorized distributors.  Please refer to the 
applicable agreement for further details.



+----------------------------------------------------------------------------------------+
; TimeQuest Timing Analyzer Summary                                                      ;
+--------------------+-------------------------------------------------------------------+
; Quartus II Version ; Version 13.0.1 Build 232 06/12/2013 Service Pack 1 SJ Web Edition ;
; Revision Name      ; tn5                                                               ;
; Device Family      ; Cyclone II                                                        ;
; Device Name        ; EP2C35F672C6                                                      ;
; Timing Models      ; Final                                                             ;
; Delay Model        ; Combined                                                          ;
; Rise/Fall Delays   ; Unavailable                                                       ;
+--------------------+-------------------------------------------------------------------+


Parallel compilation was disabled, but you have multiple processors available. Enable parallel compilation to reduce compilation time.
+-------------------------------------+
; Parallel Compilation                ;
+----------------------------+--------+
; Processors                 ; Number ;
+----------------------------+--------+
; Number detected on machine ; 8      ;
; Maximum allowed            ; 1      ;
+----------------------------+--------+


+----------------------------------------------------------------------------------------------------------------------------------------------------------------------------------------+
; Clocks                                                                                                                                                                                 ;
+------------+------+--------+------------+-------+-------+------------+-----------+-------------+-------+--------+-----------+------------+----------+--------+--------+----------------+
; Clock Name ; Type ; Period ; Frequency  ; Rise  ; Fall  ; Duty Cycle ; Divide by ; Multiply by ; Phase ; Offset ; Edge List ; Edge Shift ; Inverted ; Master ; Source ; Targets        ;
+------------+------+--------+------------+-------+-------+------------+-----------+-------------+-------+--------+-----------+------------+----------+--------+--------+----------------+
; CLK        ; Base ; 1.000  ; 1000.0 MHz ; 0.000 ; 0.500 ;            ;           ;             ;       ;        ;           ;            ;          ;        ;        ; { CLK }        ;
; D_FF:U1|Qn ; Base ; 1.000  ; 1000.0 MHz ; 0.000 ; 0.500 ;            ;           ;             ;       ;        ;           ;            ;          ;        ;        ; { D_FF:U1|Qn } ;
; D_FF:U2|Qn ; Base ; 1.000  ; 1000.0 MHz ; 0.000 ; 0.500 ;            ;           ;             ;       ;        ;           ;            ;          ;        ;        ; { D_FF:U2|Qn } ;
+------------+------+--------+------------+-------+-------+------------+-----------+-------------+-------+--------+-----------+------------+----------+--------+--------+----------------+


+------------------------------------------------------------------------------------------------------------+
; Slow Model Fmax Summary                                                                                    ;
+-------------+-----------------+------------+---------------------------------------------------------------+
; Fmax        ; Restricted Fmax ; Clock Name ; Note                                                          ;
+-------------+-----------------+------------+---------------------------------------------------------------+
; 1302.08 MHz ; 500.0 MHz       ; D_FF:U1|Qn ; limit due to high minimum pulse width violation (tch)         ;
; 1307.19 MHz ; 500.0 MHz       ; D_FF:U2|Qn ; limit due to low minimum pulse width violation (tcl)          ;
; 1328.02 MHz ; 420.17 MHz      ; CLK        ; limit due to minimum period restriction (max I/O toggle rate) ;
+-------------+-----------------+------------+---------------------------------------------------------------+
This panel reports FMAX for every clock in the design, regardless of the user-specified clock periods.  FMAX is only computed for paths where the source and destination registers or ports are driven by the same clock.  Paths of different clocks, including generated clocks, are ignored.  For paths between a clock and its inversion, FMAX is computed as if the rising and falling edges are scaled along with FMAX, such that the duty cycle (in terms of a percentage) is maintained. Altera recommends that you always use clock constraints and other slack reports for sign-off analysis.


+------------------------------------+
; Slow Model Setup Summary           ;
+------------+-------+---------------+
; Clock      ; Slack ; End Point TNS ;
+------------+-------+---------------+
; D_FF:U1|Qn ; 0.232 ; 0.000         ;
; D_FF:U2|Qn ; 0.235 ; 0.000         ;
; CLK        ; 0.247 ; 0.000         ;
+------------+-------+---------------+


+-------------------------------------+
; Slow Model Hold Summary             ;
+------------+--------+---------------+
; Clock      ; Slack  ; End Point TNS ;
+------------+--------+---------------+
; CLK        ; -2.251 ; -2.251        ;
; D_FF:U1|Qn ; -1.727 ; -1.727        ;
; D_FF:U2|Qn ; 0.530  ; 0.000         ;
+------------+--------+---------------+


+-------------------------------------+
; Slow Model Recovery Summary         ;
+------------+--------+---------------+
; Clock      ; Slack  ; End Point TNS ;
+------------+--------+---------------+
; D_FF:U2|Qn ; -1.341 ; -2.682        ;
; CLK        ; -1.114 ; -2.228        ;
+------------+--------+---------------+


+------------------------------------+
; Slow Model Removal Summary         ;
+------------+-------+---------------+
; Clock      ; Slack ; End Point TNS ;
+------------+-------+---------------+
; CLK        ; 1.466 ; 0.000         ;
; D_FF:U2|Qn ; 1.693 ; 0.000         ;
+------------+-------+---------------+


+----------------------------------------+
; Slow Model Minimum Pulse Width Summary ;
+------------+--------+------------------+
; Clock      ; Slack  ; End Point TNS    ;
+------------+--------+------------------+
; CLK        ; -1.380 ; -3.380           ;
; D_FF:U1|Qn ; -0.500 ; -2.000           ;
; D_FF:U2|Qn ; -0.500 ; -2.000           ;
+------------+--------+------------------+


+-------------------------------------------------------------------------------------------------------+
; Slow Model Setup: 'D_FF:U1|Qn'                                                                        ;
+-------+------------+------------+--------------+-------------+--------------+------------+------------+
; Slack ; From Node  ; To Node    ; Launch Clock ; Latch Clock ; Relationship ; Clock Skew ; Data Delay ;
+-------+------------+------------+--------------+-------------+--------------+------------+------------+
; 0.232 ; D_FF:U2|Q  ; D_FF:U2|Qn ; D_FF:U1|Qn   ; D_FF:U1|Qn  ; 1.000        ; 0.000      ; 0.804      ;
; 1.997 ; D_FF:U2|Qn ; D_FF:U2|Q  ; D_FF:U2|Qn   ; D_FF:U1|Qn  ; 0.500        ; 2.331      ; 1.120      ;
; 2.497 ; D_FF:U2|Qn ; D_FF:U2|Q  ; D_FF:U2|Qn   ; D_FF:U1|Qn  ; 1.000        ; 2.331      ; 1.120      ;
+-------+------------+------------+--------------+-------------+--------------+------------+------------+


+-------------------------------------------------------------------------------------------------------+
; Slow Model Setup: 'D_FF:U2|Qn'                                                                        ;
+-------+------------+------------+--------------+-------------+--------------+------------+------------+
; Slack ; From Node  ; To Node    ; Launch Clock ; Latch Clock ; Relationship ; Clock Skew ; Data Delay ;
+-------+------------+------------+--------------+-------------+--------------+------------+------------+
; 0.235 ; D_FF:U3|Qn ; D_FF:U3|Q  ; D_FF:U2|Qn   ; D_FF:U2|Qn  ; 1.000        ; 0.000      ; 0.801      ;
; 0.240 ; D_FF:U3|Q  ; D_FF:U3|Qn ; D_FF:U2|Qn   ; D_FF:U2|Qn  ; 1.000        ; 0.000      ; 0.796      ;
+-------+------------+------------+--------------+-------------+--------------+------------+------------+


+-------------------------------------------------------------------------------------------------------+
; Slow Model Setup: 'CLK'                                                                               ;
+-------+------------+------------+--------------+-------------+--------------+------------+------------+
; Slack ; From Node  ; To Node    ; Launch Clock ; Latch Clock ; Relationship ; Clock Skew ; Data Delay ;
+-------+------------+------------+--------------+-------------+--------------+------------+------------+
; 0.247 ; D_FF:U1|Q  ; D_FF:U1|Qn ; CLK          ; CLK         ; 1.000        ; 0.000      ; 0.789      ;
; 2.521 ; D_FF:U1|Qn ; D_FF:U1|Q  ; D_FF:U1|Qn   ; CLK         ; 0.500        ; 2.665      ; 0.930      ;
; 3.021 ; D_FF:U1|Qn ; D_FF:U1|Q  ; D_FF:U1|Qn   ; CLK         ; 1.000        ; 2.665      ; 0.930      ;
+-------+------------+------------+--------------+-------------+--------------+------------+------------+


+--------------------------------------------------------------------------------------------------------+
; Slow Model Hold: 'CLK'                                                                                 ;
+--------+------------+------------+--------------+-------------+--------------+------------+------------+
; Slack  ; From Node  ; To Node    ; Launch Clock ; Latch Clock ; Relationship ; Clock Skew ; Data Delay ;
+--------+------------+------------+--------------+-------------+--------------+------------+------------+
; -2.251 ; D_FF:U1|Qn ; D_FF:U1|Q  ; D_FF:U1|Qn   ; CLK         ; 0.000        ; 2.665      ; 0.930      ;
; -1.751 ; D_FF:U1|Qn ; D_FF:U1|Q  ; D_FF:U1|Qn   ; CLK         ; -0.500       ; 2.665      ; 0.930      ;
; 0.523  ; D_FF:U1|Q  ; D_FF:U1|Qn ; CLK          ; CLK         ; 0.000        ; 0.000      ; 0.789      ;
+--------+------------+------------+--------------+-------------+--------------+------------+------------+


+--------------------------------------------------------------------------------------------------------+
; Slow Model Hold: 'D_FF:U1|Qn'                                                                          ;
+--------+------------+------------+--------------+-------------+--------------+------------+------------+
; Slack  ; From Node  ; To Node    ; Launch Clock ; Latch Clock ; Relationship ; Clock Skew ; Data Delay ;
+--------+------------+------------+--------------+-------------+--------------+------------+------------+
; -1.727 ; D_FF:U2|Qn ; D_FF:U2|Q  ; D_FF:U2|Qn   ; D_FF:U1|Qn  ; 0.000        ; 2.331      ; 1.120      ;
; -1.227 ; D_FF:U2|Qn ; D_FF:U2|Q  ; D_FF:U2|Qn   ; D_FF:U1|Qn  ; -0.500       ; 2.331      ; 1.120      ;
; 0.538  ; D_FF:U2|Q  ; D_FF:U2|Qn ; D_FF:U1|Qn   ; D_FF:U1|Qn  ; 0.000        ; 0.000      ; 0.804      ;
+--------+------------+------------+--------------+-------------+--------------+------------+------------+


+-------------------------------------------------------------------------------------------------------+
; Slow Model Hold: 'D_FF:U2|Qn'                                                                         ;
+-------+------------+------------+--------------+-------------+--------------+------------+------------+
; Slack ; From Node  ; To Node    ; Launch Clock ; Latch Clock ; Relationship ; Clock Skew ; Data Delay ;
+-------+------------+------------+--------------+-------------+--------------+------------+------------+
; 0.530 ; D_FF:U3|Q  ; D_FF:U3|Qn ; D_FF:U2|Qn   ; D_FF:U2|Qn  ; 0.000        ; 0.000      ; 0.796      ;
; 0.535 ; D_FF:U3|Qn ; D_FF:U3|Q  ; D_FF:U2|Qn   ; D_FF:U2|Qn  ; 0.000        ; 0.000      ; 0.801      ;
+-------+------------+------------+--------------+-------------+--------------+------------+------------+


+-------------------------------------------------------------------------------------------------------+
; Slow Model Recovery: 'D_FF:U2|Qn'                                                                     ;
+--------+-----------+------------+--------------+-------------+--------------+------------+------------+
; Slack  ; From Node ; To Node    ; Launch Clock ; Latch Clock ; Relationship ; Clock Skew ; Data Delay ;
+--------+-----------+------------+--------------+-------------+--------------+------------+------------+
; -1.341 ; D_FF:U1|Q ; D_FF:U3|Qn ; CLK          ; D_FF:U2|Qn  ; 1.000        ; -0.367     ; 2.010      ;
; -1.341 ; D_FF:U1|Q ; D_FF:U3|Q  ; CLK          ; D_FF:U2|Qn  ; 1.000        ; -0.367     ; 2.010      ;
; -1.214 ; D_FF:U2|Q ; D_FF:U3|Qn ; D_FF:U1|Qn   ; D_FF:U2|Qn  ; 0.500        ; -0.033     ; 1.717      ;
; -1.214 ; D_FF:U2|Q ; D_FF:U3|Q  ; D_FF:U1|Qn   ; D_FF:U2|Qn  ; 0.500        ; -0.033     ; 1.717      ;
; -0.923 ; D_FF:U3|Q ; D_FF:U3|Qn ; D_FF:U2|Qn   ; D_FF:U2|Qn  ; 1.000        ; 0.000      ; 1.959      ;
; -0.923 ; D_FF:U3|Q ; D_FF:U3|Q  ; D_FF:U2|Qn   ; D_FF:U2|Qn  ; 1.000        ; 0.000      ; 1.959      ;
+--------+-----------+------------+--------------+-------------+--------------+------------+------------+


+-------------------------------------------------------------------------------------------------------+
; Slow Model Recovery: 'CLK'                                                                            ;
+--------+-----------+------------+--------------+-------------+--------------+------------+------------+
; Slack  ; From Node ; To Node    ; Launch Clock ; Latch Clock ; Relationship ; Clock Skew ; Data Delay ;
+--------+-----------+------------+--------------+-------------+--------------+------------+------------+
; -1.114 ; D_FF:U1|Q ; D_FF:U1|Q  ; CLK          ; CLK         ; 1.000        ; 0.000      ; 2.150      ;
; -1.114 ; D_FF:U1|Q ; D_FF:U1|Qn ; CLK          ; CLK         ; 1.000        ; 0.000      ; 2.150      ;
; -0.987 ; D_FF:U2|Q ; D_FF:U1|Q  ; D_FF:U1|Qn   ; CLK         ; 0.500        ; 0.334      ; 1.857      ;
; -0.987 ; D_FF:U2|Q ; D_FF:U1|Qn ; D_FF:U1|Qn   ; CLK         ; 0.500        ; 0.334      ; 1.857      ;
; -0.696 ; D_FF:U3|Q ; D_FF:U1|Q  ; D_FF:U2|Qn   ; CLK         ; 1.000        ; 0.367      ; 2.099      ;
; -0.696 ; D_FF:U3|Q ; D_FF:U1|Qn ; D_FF:U2|Qn   ; CLK         ; 1.000        ; 0.367      ; 2.099      ;
+--------+-----------+------------+--------------+-------------+--------------+------------+------------+


+------------------------------------------------------------------------------------------------------+
; Slow Model Removal: 'CLK'                                                                            ;
+-------+-----------+------------+--------------+-------------+--------------+------------+------------+
; Slack ; From Node ; To Node    ; Launch Clock ; Latch Clock ; Relationship ; Clock Skew ; Data Delay ;
+-------+-----------+------------+--------------+-------------+--------------+------------+------------+
; 1.466 ; D_FF:U3|Q ; D_FF:U1|Q  ; D_FF:U2|Qn   ; CLK         ; 0.000        ; 0.367      ; 2.099      ;
; 1.466 ; D_FF:U3|Q ; D_FF:U1|Qn ; D_FF:U2|Qn   ; CLK         ; 0.000        ; 0.367      ; 2.099      ;
; 1.757 ; D_FF:U2|Q ; D_FF:U1|Q  ; D_FF:U1|Qn   ; CLK         ; -0.500       ; 0.334      ; 1.857      ;
; 1.757 ; D_FF:U2|Q ; D_FF:U1|Qn ; D_FF:U1|Qn   ; CLK         ; -0.500       ; 0.334      ; 1.857      ;
; 1.884 ; D_FF:U1|Q ; D_FF:U1|Q  ; CLK          ; CLK         ; 0.000        ; 0.000      ; 2.150      ;
; 1.884 ; D_FF:U1|Q ; D_FF:U1|Qn ; CLK          ; CLK         ; 0.000        ; 0.000      ; 2.150      ;
+-------+-----------+------------+--------------+-------------+--------------+------------+------------+


+------------------------------------------------------------------------------------------------------+
; Slow Model Removal: 'D_FF:U2|Qn'                                                                     ;
+-------+-----------+------------+--------------+-------------+--------------+------------+------------+
; Slack ; From Node ; To Node    ; Launch Clock ; Latch Clock ; Relationship ; Clock Skew ; Data Delay ;
+-------+-----------+------------+--------------+-------------+--------------+------------+------------+
; 1.693 ; D_FF:U3|Q ; D_FF:U3|Qn ; D_FF:U2|Qn   ; D_FF:U2|Qn  ; 0.000        ; 0.000      ; 1.959      ;
; 1.693 ; D_FF:U3|Q ; D_FF:U3|Q  ; D_FF:U2|Qn   ; D_FF:U2|Qn  ; 0.000        ; 0.000      ; 1.959      ;
; 1.984 ; D_FF:U2|Q ; D_FF:U3|Qn ; D_FF:U1|Qn   ; D_FF:U2|Qn  ; -0.500       ; -0.033     ; 1.717      ;
; 1.984 ; D_FF:U2|Q ; D_FF:U3|Q  ; D_FF:U1|Qn   ; D_FF:U2|Qn  ; -0.500       ; -0.033     ; 1.717      ;
; 2.111 ; D_FF:U1|Q ; D_FF:U3|Qn ; CLK          ; D_FF:U2|Qn  ; 0.000        ; -0.367     ; 2.010      ;
; 2.111 ; D_FF:U1|Q ; D_FF:U3|Q  ; CLK          ; D_FF:U2|Qn  ; 0.000        ; -0.367     ; 2.010      ;
+-------+-----------+------------+--------------+-------------+--------------+------------+------------+


+-------------------------------------------------------------------------------------------------------+
; Slow Model Minimum Pulse Width: 'CLK'                                                                 ;
+--------+--------------+----------------+------------------+-------+------------+----------------------+
; Slack  ; Actual Width ; Required Width ; Type             ; Clock ; Clock Edge ; Target               ;
+--------+--------------+----------------+------------------+-------+------------+----------------------+
; -1.380 ; 1.000        ; 2.380          ; Port Rate        ; CLK   ; Rise       ; CLK                  ;
; -0.500 ; 0.500        ; 1.000          ; High Pulse Width ; CLK   ; Fall       ; D_FF:U1|Q            ;
; -0.500 ; 0.500        ; 1.000          ; Low Pulse Width  ; CLK   ; Fall       ; D_FF:U1|Q            ;
; -0.500 ; 0.500        ; 1.000          ; High Pulse Width ; CLK   ; Fall       ; D_FF:U1|Qn           ;
; -0.500 ; 0.500        ; 1.000          ; Low Pulse Width  ; CLK   ; Fall       ; D_FF:U1|Qn           ;
; 0.500  ; 0.500        ; 0.000          ; High Pulse Width ; CLK   ; Rise       ; CLK|combout          ;
; 0.500  ; 0.500        ; 0.000          ; Low Pulse Width  ; CLK   ; Rise       ; CLK|combout          ;
; 0.500  ; 0.500        ; 0.000          ; High Pulse Width ; CLK   ; Rise       ; CLK~clkctrl|inclk[0] ;
; 0.500  ; 0.500        ; 0.000          ; Low Pulse Width  ; CLK   ; Rise       ; CLK~clkctrl|inclk[0] ;
; 0.500  ; 0.500        ; 0.000          ; High Pulse Width ; CLK   ; Rise       ; CLK~clkctrl|outclk   ;
; 0.500  ; 0.500        ; 0.000          ; Low Pulse Width  ; CLK   ; Rise       ; CLK~clkctrl|outclk   ;
; 0.500  ; 0.500        ; 0.000          ; High Pulse Width ; CLK   ; Rise       ; U1|Qn|clk            ;
; 0.500  ; 0.500        ; 0.000          ; Low Pulse Width  ; CLK   ; Rise       ; U1|Qn|clk            ;
; 0.500  ; 0.500        ; 0.000          ; High Pulse Width ; CLK   ; Rise       ; U1|Q|clk             ;
; 0.500  ; 0.500        ; 0.000          ; Low Pulse Width  ; CLK   ; Rise       ; U1|Q|clk             ;
+--------+--------------+----------------+------------------+-------+------------+----------------------+


+--------------------------------------------------------------------------------------------------------------+
; Slow Model Minimum Pulse Width: 'D_FF:U1|Qn'                                                                 ;
+--------+--------------+----------------+------------------+------------+------------+------------------------+
; Slack  ; Actual Width ; Required Width ; Type             ; Clock      ; Clock Edge ; Target                 ;
+--------+--------------+----------------+------------------+------------+------------+------------------------+
; -0.500 ; 0.500        ; 1.000          ; High Pulse Width ; D_FF:U1|Qn ; Rise       ; D_FF:U2|Q              ;
; -0.500 ; 0.500        ; 1.000          ; Low Pulse Width  ; D_FF:U1|Qn ; Rise       ; D_FF:U2|Q              ;
; -0.500 ; 0.500        ; 1.000          ; High Pulse Width ; D_FF:U1|Qn ; Rise       ; D_FF:U2|Qn             ;
; -0.500 ; 0.500        ; 1.000          ; Low Pulse Width  ; D_FF:U1|Qn ; Rise       ; D_FF:U2|Qn             ;
; 0.500  ; 0.500        ; 0.000          ; High Pulse Width ; D_FF:U1|Qn ; Rise       ; U1|Qn|regout           ;
; 0.500  ; 0.500        ; 0.000          ; Low Pulse Width  ; D_FF:U1|Qn ; Rise       ; U1|Qn|regout           ;
; 0.500  ; 0.500        ; 0.000          ; High Pulse Width ; D_FF:U1|Qn ; Rise       ; U1|Qn~clkctrl|inclk[0] ;
; 0.500  ; 0.500        ; 0.000          ; Low Pulse Width  ; D_FF:U1|Qn ; Rise       ; U1|Qn~clkctrl|inclk[0] ;
; 0.500  ; 0.500        ; 0.000          ; High Pulse Width ; D_FF:U1|Qn ; Rise       ; U1|Qn~clkctrl|outclk   ;
; 0.500  ; 0.500        ; 0.000          ; Low Pulse Width  ; D_FF:U1|Qn ; Rise       ; U1|Qn~clkctrl|outclk   ;
; 0.500  ; 0.500        ; 0.000          ; High Pulse Width ; D_FF:U1|Qn ; Rise       ; U2|Qn|clk              ;
; 0.500  ; 0.500        ; 0.000          ; Low Pulse Width  ; D_FF:U1|Qn ; Rise       ; U2|Qn|clk              ;
; 0.500  ; 0.500        ; 0.000          ; High Pulse Width ; D_FF:U1|Qn ; Rise       ; U2|Q|clk               ;
; 0.500  ; 0.500        ; 0.000          ; Low Pulse Width  ; D_FF:U1|Qn ; Rise       ; U2|Q|clk               ;
+--------+--------------+----------------+------------------+------------+------------+------------------------+


+--------------------------------------------------------------------------------------------------------------+
; Slow Model Minimum Pulse Width: 'D_FF:U2|Qn'                                                                 ;
+--------+--------------+----------------+------------------+------------+------------+------------------------+
; Slack  ; Actual Width ; Required Width ; Type             ; Clock      ; Clock Edge ; Target                 ;
+--------+--------------+----------------+------------------+------------+------------+------------------------+
; -0.500 ; 0.500        ; 1.000          ; High Pulse Width ; D_FF:U2|Qn ; Fall       ; D_FF:U3|Q              ;
; -0.500 ; 0.500        ; 1.000          ; Low Pulse Width  ; D_FF:U2|Qn ; Fall       ; D_FF:U3|Q              ;
; -0.500 ; 0.500        ; 1.000          ; High Pulse Width ; D_FF:U2|Qn ; Fall       ; D_FF:U3|Qn             ;
; -0.500 ; 0.500        ; 1.000          ; Low Pulse Width  ; D_FF:U2|Qn ; Fall       ; D_FF:U3|Qn             ;
; 0.500  ; 0.500        ; 0.000          ; High Pulse Width ; D_FF:U2|Qn ; Rise       ; U2|Qn|regout           ;
; 0.500  ; 0.500        ; 0.000          ; Low Pulse Width  ; D_FF:U2|Qn ; Rise       ; U2|Qn|regout           ;
; 0.500  ; 0.500        ; 0.000          ; High Pulse Width ; D_FF:U2|Qn ; Rise       ; U2|Qn~clkctrl|inclk[0] ;
; 0.500  ; 0.500        ; 0.000          ; Low Pulse Width  ; D_FF:U2|Qn ; Rise       ; U2|Qn~clkctrl|inclk[0] ;
; 0.500  ; 0.500        ; 0.000          ; High Pulse Width ; D_FF:U2|Qn ; Rise       ; U2|Qn~clkctrl|outclk   ;
; 0.500  ; 0.500        ; 0.000          ; Low Pulse Width  ; D_FF:U2|Qn ; Rise       ; U2|Qn~clkctrl|outclk   ;
; 0.500  ; 0.500        ; 0.000          ; High Pulse Width ; D_FF:U2|Qn ; Rise       ; U3|Qn|clk              ;
; 0.500  ; 0.500        ; 0.000          ; Low Pulse Width  ; D_FF:U2|Qn ; Rise       ; U3|Qn|clk              ;
; 0.500  ; 0.500        ; 0.000          ; High Pulse Width ; D_FF:U2|Qn ; Rise       ; U3|Q|clk               ;
; 0.500  ; 0.500        ; 0.000          ; Low Pulse Width  ; D_FF:U2|Qn ; Rise       ; U3|Q|clk               ;
+--------+--------------+----------------+------------------+------------+------------+------------------------+


+-----------------------------------------------------------------------+
; Clock to Output Times                                                 ;
+-----------+------------+-------+-------+------------+-----------------+
; Data Port ; Clock Port ; Rise  ; Fall  ; Clock Edge ; Clock Reference ;
+-----------+------------+-------+-------+------------+-----------------+
; Q0        ; CLK        ; 8.237 ; 8.237 ; Fall       ; CLK             ;
; Q0n       ; D_FF:U1|Qn ;       ; 3.627 ; Rise       ; D_FF:U1|Qn      ;
; Q1        ; D_FF:U1|Qn ; 7.358 ; 7.358 ; Rise       ; D_FF:U1|Qn      ;
; Q0n       ; D_FF:U1|Qn ; 3.627 ;       ; Fall       ; D_FF:U1|Qn      ;
; Q1n       ; D_FF:U2|Qn ; 3.673 ;       ; Rise       ; D_FF:U2|Qn      ;
; Q1n       ; D_FF:U2|Qn ;       ; 3.673 ; Fall       ; D_FF:U2|Qn      ;
; Q2        ; D_FF:U2|Qn ; 7.917 ; 7.917 ; Fall       ; D_FF:U2|Qn      ;
; Q2n       ; D_FF:U2|Qn ; 5.969 ; 5.969 ; Fall       ; D_FF:U2|Qn      ;
+-----------+------------+-------+-------+------------+-----------------+


+-----------------------------------------------------------------------+
; Minimum Clock to Output Times                                         ;
+-----------+------------+-------+-------+------------+-----------------+
; Data Port ; Clock Port ; Rise  ; Fall  ; Clock Edge ; Clock Reference ;
+-----------+------------+-------+-------+------------+-----------------+
; Q0        ; CLK        ; 8.237 ; 8.237 ; Fall       ; CLK             ;
; Q0n       ; D_FF:U1|Qn ;       ; 3.627 ; Rise       ; D_FF:U1|Qn      ;
; Q1        ; D_FF:U1|Qn ; 7.358 ; 7.358 ; Rise       ; D_FF:U1|Qn      ;
; Q0n       ; D_FF:U1|Qn ; 3.627 ;       ; Fall       ; D_FF:U1|Qn      ;
; Q1n       ; D_FF:U2|Qn ; 3.673 ;       ; Rise       ; D_FF:U2|Qn      ;
; Q1n       ; D_FF:U2|Qn ;       ; 3.673 ; Fall       ; D_FF:U2|Qn      ;
; Q2        ; D_FF:U2|Qn ; 7.917 ; 7.917 ; Fall       ; D_FF:U2|Qn      ;
; Q2n       ; D_FF:U2|Qn ; 5.969 ; 5.969 ; Fall       ; D_FF:U2|Qn      ;
+-----------+------------+-------+-------+------------+-----------------+


+------------------------------------+
; Fast Model Setup Summary           ;
+------------+-------+---------------+
; Clock      ; Slack ; End Point TNS ;
+------------+-------+---------------+
; D_FF:U1|Qn ; 0.612 ; 0.000         ;
; D_FF:U2|Qn ; 0.614 ; 0.000         ;
; CLK        ; 0.641 ; 0.000         ;
+------------+-------+---------------+


+-------------------------------------+
; Fast Model Hold Summary             ;
+------------+--------+---------------+
; Clock      ; Slack  ; End Point TNS ;
+------------+--------+---------------+
; CLK        ; -1.493 ; -1.493        ;
; D_FF:U1|Qn ; -1.138 ; -1.138        ;
; D_FF:U2|Qn ; 0.243  ; 0.000         ;
+------------+--------+---------------+


+-------------------------------------+
; Fast Model Recovery Summary         ;
+------------+--------+---------------+
; Clock      ; Slack  ; End Point TNS ;
+------------+--------+---------------+
; D_FF:U2|Qn ; -0.397 ; -0.794        ;
; CLK        ; -0.213 ; -0.426        ;
+------------+--------+---------------+


+------------------------------------+
; Fast Model Removal Summary         ;
+------------+-------+---------------+
; Clock      ; Slack ; End Point TNS ;
+------------+-------+---------------+
; CLK        ; 0.694 ; 0.000         ;
; D_FF:U2|Qn ; 0.878 ; 0.000         ;
+------------+-------+---------------+


+----------------------------------------+
; Fast Model Minimum Pulse Width Summary ;
+------------+--------+------------------+
; Clock      ; Slack  ; End Point TNS    ;
+------------+--------+------------------+
; CLK        ; -1.380 ; -3.380           ;
; D_FF:U1|Qn ; -0.500 ; -2.000           ;
; D_FF:U2|Qn ; -0.500 ; -2.000           ;
+------------+--------+------------------+


+-------------------------------------------------------------------------------------------------------+
; Fast Model Setup: 'D_FF:U1|Qn'                                                                        ;
+-------+------------+------------+--------------+-------------+--------------+------------+------------+
; Slack ; From Node  ; To Node    ; Launch Clock ; Latch Clock ; Relationship ; Clock Skew ; Data Delay ;
+-------+------------+------------+--------------+-------------+--------------+------------+------------+
; 0.612 ; D_FF:U2|Q  ; D_FF:U2|Qn ; D_FF:U1|Qn   ; D_FF:U1|Qn  ; 1.000        ; 0.000      ; 0.420      ;
; 1.518 ; D_FF:U2|Qn ; D_FF:U2|Q  ; D_FF:U2|Qn   ; D_FF:U1|Qn  ; 0.500        ; 1.411      ; 0.566      ;
; 2.018 ; D_FF:U2|Qn ; D_FF:U2|Q  ; D_FF:U2|Qn   ; D_FF:U1|Qn  ; 1.000        ; 1.411      ; 0.566      ;
+-------+------------+------------+--------------+-------------+--------------+------------+------------+


+-------------------------------------------------------------------------------------------------------+
; Fast Model Setup: 'D_FF:U2|Qn'                                                                        ;
+-------+------------+------------+--------------+-------------+--------------+------------+------------+
; Slack ; From Node  ; To Node    ; Launch Clock ; Latch Clock ; Relationship ; Clock Skew ; Data Delay ;
+-------+------------+------------+--------------+-------------+--------------+------------+------------+
; 0.614 ; D_FF:U3|Qn ; D_FF:U3|Q  ; D_FF:U2|Qn   ; D_FF:U2|Qn  ; 1.000        ; 0.000      ; 0.418      ;
; 0.637 ; D_FF:U3|Q  ; D_FF:U3|Qn ; D_FF:U2|Qn   ; D_FF:U2|Qn  ; 1.000        ; 0.000      ; 0.395      ;
+-------+------------+------------+--------------+-------------+--------------+------------+------------+


+-------------------------------------------------------------------------------------------------------+
; Fast Model Setup: 'CLK'                                                                               ;
+-------+------------+------------+--------------+-------------+--------------+------------+------------+
; Slack ; From Node  ; To Node    ; Launch Clock ; Latch Clock ; Relationship ; Clock Skew ; Data Delay ;
+-------+------------+------------+--------------+-------------+--------------+------------+------------+
; 0.641 ; D_FF:U1|Q  ; D_FF:U1|Qn ; CLK          ; CLK         ; 1.000        ; 0.000      ; 0.391      ;
; 1.873 ; D_FF:U1|Qn ; D_FF:U1|Q  ; D_FF:U1|Qn   ; CLK         ; 0.500        ; 1.644      ; 0.444      ;
; 2.373 ; D_FF:U1|Qn ; D_FF:U1|Q  ; D_FF:U1|Qn   ; CLK         ; 1.000        ; 1.644      ; 0.444      ;
+-------+------------+------------+--------------+-------------+--------------+------------+------------+


+--------------------------------------------------------------------------------------------------------+
; Fast Model Hold: 'CLK'                                                                                 ;
+--------+------------+------------+--------------+-------------+--------------+------------+------------+
; Slack  ; From Node  ; To Node    ; Launch Clock ; Latch Clock ; Relationship ; Clock Skew ; Data Delay ;
+--------+------------+------------+--------------+-------------+--------------+------------+------------+
; -1.493 ; D_FF:U1|Qn ; D_FF:U1|Q  ; D_FF:U1|Qn   ; CLK         ; 0.000        ; 1.644      ; 0.444      ;
; -0.993 ; D_FF:U1|Qn ; D_FF:U1|Q  ; D_FF:U1|Qn   ; CLK         ; -0.500       ; 1.644      ; 0.444      ;
; 0.239  ; D_FF:U1|Q  ; D_FF:U1|Qn ; CLK          ; CLK         ; 0.000        ; 0.000      ; 0.391      ;
+--------+------------+------------+--------------+-------------+--------------+------------+------------+


+--------------------------------------------------------------------------------------------------------+
; Fast Model Hold: 'D_FF:U1|Qn'                                                                          ;
+--------+------------+------------+--------------+-------------+--------------+------------+------------+
; Slack  ; From Node  ; To Node    ; Launch Clock ; Latch Clock ; Relationship ; Clock Skew ; Data Delay ;
+--------+------------+------------+--------------+-------------+--------------+------------+------------+
; -1.138 ; D_FF:U2|Qn ; D_FF:U2|Q  ; D_FF:U2|Qn   ; D_FF:U1|Qn  ; 0.000        ; 1.411      ; 0.566      ;
; -0.638 ; D_FF:U2|Qn ; D_FF:U2|Q  ; D_FF:U2|Qn   ; D_FF:U1|Qn  ; -0.500       ; 1.411      ; 0.566      ;
; 0.268  ; D_FF:U2|Q  ; D_FF:U2|Qn ; D_FF:U1|Qn   ; D_FF:U1|Qn  ; 0.000        ; 0.000      ; 0.420      ;
+--------+------------+------------+--------------+-------------+--------------+------------+------------+


+-------------------------------------------------------------------------------------------------------+
; Fast Model Hold: 'D_FF:U2|Qn'                                                                         ;
+-------+------------+------------+--------------+-------------+--------------+------------+------------+
; Slack ; From Node  ; To Node    ; Launch Clock ; Latch Clock ; Relationship ; Clock Skew ; Data Delay ;
+-------+------------+------------+--------------+-------------+--------------+------------+------------+
; 0.243 ; D_FF:U3|Q  ; D_FF:U3|Qn ; D_FF:U2|Qn   ; D_FF:U2|Qn  ; 0.000        ; 0.000      ; 0.395      ;
; 0.266 ; D_FF:U3|Qn ; D_FF:U3|Q  ; D_FF:U2|Qn   ; D_FF:U2|Qn  ; 0.000        ; 0.000      ; 0.418      ;
+-------+------------+------------+--------------+-------------+--------------+------------+------------+


+-------------------------------------------------------------------------------------------------------+
; Fast Model Recovery: 'D_FF:U2|Qn'                                                                     ;
+--------+-----------+------------+--------------+-------------+--------------+------------+------------+
; Slack  ; From Node ; To Node    ; Launch Clock ; Latch Clock ; Relationship ; Clock Skew ; Data Delay ;
+--------+-----------+------------+--------------+-------------+--------------+------------+------------+
; -0.397 ; D_FF:U2|Q ; D_FF:U3|Qn ; D_FF:U1|Qn   ; D_FF:U2|Qn  ; 0.500        ; -0.018     ; 0.911      ;
; -0.397 ; D_FF:U2|Q ; D_FF:U3|Q  ; D_FF:U1|Qn   ; D_FF:U2|Qn  ; 0.500        ; -0.018     ; 0.911      ;
; -0.287 ; D_FF:U1|Q ; D_FF:U3|Qn ; CLK          ; D_FF:U2|Qn  ; 1.000        ; -0.251     ; 1.068      ;
; -0.287 ; D_FF:U1|Q ; D_FF:U3|Q  ; CLK          ; D_FF:U2|Qn  ; 1.000        ; -0.251     ; 1.068      ;
; 0.002  ; D_FF:U3|Q ; D_FF:U3|Qn ; D_FF:U2|Qn   ; D_FF:U2|Qn  ; 1.000        ; 0.000      ; 1.030      ;
; 0.002  ; D_FF:U3|Q ; D_FF:U3|Q  ; D_FF:U2|Qn   ; D_FF:U2|Qn  ; 1.000        ; 0.000      ; 1.030      ;
+--------+-----------+------------+--------------+-------------+--------------+------------+------------+


+-------------------------------------------------------------------------------------------------------+
; Fast Model Recovery: 'CLK'                                                                            ;
+--------+-----------+------------+--------------+-------------+--------------+------------+------------+
; Slack  ; From Node ; To Node    ; Launch Clock ; Latch Clock ; Relationship ; Clock Skew ; Data Delay ;
+--------+-----------+------------+--------------+-------------+--------------+------------+------------+
; -0.213 ; D_FF:U2|Q ; D_FF:U1|Q  ; D_FF:U1|Qn   ; CLK         ; 0.500        ; 0.233      ; 0.978      ;
; -0.213 ; D_FF:U2|Q ; D_FF:U1|Qn ; D_FF:U1|Qn   ; CLK         ; 0.500        ; 0.233      ; 0.978      ;
; -0.103 ; D_FF:U1|Q ; D_FF:U1|Q  ; CLK          ; CLK         ; 1.000        ; 0.000      ; 1.135      ;
; -0.103 ; D_FF:U1|Q ; D_FF:U1|Qn ; CLK          ; CLK         ; 1.000        ; 0.000      ; 1.135      ;
; 0.186  ; D_FF:U3|Q ; D_FF:U1|Q  ; D_FF:U2|Qn   ; CLK         ; 1.000        ; 0.251      ; 1.097      ;
; 0.186  ; D_FF:U3|Q ; D_FF:U1|Qn ; D_FF:U2|Qn   ; CLK         ; 1.000        ; 0.251      ; 1.097      ;
+--------+-----------+------------+--------------+-------------+--------------+------------+------------+


+------------------------------------------------------------------------------------------------------+
; Fast Model Removal: 'CLK'                                                                            ;
+-------+-----------+------------+--------------+-------------+--------------+------------+------------+
; Slack ; From Node ; To Node    ; Launch Clock ; Latch Clock ; Relationship ; Clock Skew ; Data Delay ;
+-------+-----------+------------+--------------+-------------+--------------+------------+------------+
; 0.694 ; D_FF:U3|Q ; D_FF:U1|Q  ; D_FF:U2|Qn   ; CLK         ; 0.000        ; 0.251      ; 1.097      ;
; 0.694 ; D_FF:U3|Q ; D_FF:U1|Qn ; D_FF:U2|Qn   ; CLK         ; 0.000        ; 0.251      ; 1.097      ;
; 0.983 ; D_FF:U1|Q ; D_FF:U1|Q  ; CLK          ; CLK         ; 0.000        ; 0.000      ; 1.135      ;
; 0.983 ; D_FF:U1|Q ; D_FF:U1|Qn ; CLK          ; CLK         ; 0.000        ; 0.000      ; 1.135      ;
; 1.093 ; D_FF:U2|Q ; D_FF:U1|Q  ; D_FF:U1|Qn   ; CLK         ; -0.500       ; 0.233      ; 0.978      ;
; 1.093 ; D_FF:U2|Q ; D_FF:U1|Qn ; D_FF:U1|Qn   ; CLK         ; -0.500       ; 0.233      ; 0.978      ;
+-------+-----------+------------+--------------+-------------+--------------+------------+------------+


+------------------------------------------------------------------------------------------------------+
; Fast Model Removal: 'D_FF:U2|Qn'                                                                     ;
+-------+-----------+------------+--------------+-------------+--------------+------------+------------+
; Slack ; From Node ; To Node    ; Launch Clock ; Latch Clock ; Relationship ; Clock Skew ; Data Delay ;
+-------+-----------+------------+--------------+-------------+--------------+------------+------------+
; 0.878 ; D_FF:U3|Q ; D_FF:U3|Qn ; D_FF:U2|Qn   ; D_FF:U2|Qn  ; 0.000        ; 0.000      ; 1.030      ;
; 0.878 ; D_FF:U3|Q ; D_FF:U3|Q  ; D_FF:U2|Qn   ; D_FF:U2|Qn  ; 0.000        ; 0.000      ; 1.030      ;
; 1.167 ; D_FF:U1|Q ; D_FF:U3|Qn ; CLK          ; D_FF:U2|Qn  ; 0.000        ; -0.251     ; 1.068      ;
; 1.167 ; D_FF:U1|Q ; D_FF:U3|Q  ; CLK          ; D_FF:U2|Qn  ; 0.000        ; -0.251     ; 1.068      ;
; 1.277 ; D_FF:U2|Q ; D_FF:U3|Qn ; D_FF:U1|Qn   ; D_FF:U2|Qn  ; -0.500       ; -0.018     ; 0.911      ;
; 1.277 ; D_FF:U2|Q ; D_FF:U3|Q  ; D_FF:U1|Qn   ; D_FF:U2|Qn  ; -0.500       ; -0.018     ; 0.911      ;
+-------+-----------+------------+--------------+-------------+--------------+------------+------------+


+-------------------------------------------------------------------------------------------------------+
; Fast Model Minimum Pulse Width: 'CLK'                                                                 ;
+--------+--------------+----------------+------------------+-------+------------+----------------------+
; Slack  ; Actual Width ; Required Width ; Type             ; Clock ; Clock Edge ; Target               ;
+--------+--------------+----------------+------------------+-------+------------+----------------------+
; -1.380 ; 1.000        ; 2.380          ; Port Rate        ; CLK   ; Rise       ; CLK                  ;
; -0.500 ; 0.500        ; 1.000          ; High Pulse Width ; CLK   ; Fall       ; D_FF:U1|Q            ;
; -0.500 ; 0.500        ; 1.000          ; Low Pulse Width  ; CLK   ; Fall       ; D_FF:U1|Q            ;
; -0.500 ; 0.500        ; 1.000          ; High Pulse Width ; CLK   ; Fall       ; D_FF:U1|Qn           ;
; -0.500 ; 0.500        ; 1.000          ; Low Pulse Width  ; CLK   ; Fall       ; D_FF:U1|Qn           ;
; 0.500  ; 0.500        ; 0.000          ; High Pulse Width ; CLK   ; Rise       ; CLK|combout          ;
; 0.500  ; 0.500        ; 0.000          ; Low Pulse Width  ; CLK   ; Rise       ; CLK|combout          ;
; 0.500  ; 0.500        ; 0.000          ; High Pulse Width ; CLK   ; Rise       ; CLK~clkctrl|inclk[0] ;
; 0.500  ; 0.500        ; 0.000          ; Low Pulse Width  ; CLK   ; Rise       ; CLK~clkctrl|inclk[0] ;
; 0.500  ; 0.500        ; 0.000          ; High Pulse Width ; CLK   ; Rise       ; CLK~clkctrl|outclk   ;
; 0.500  ; 0.500        ; 0.000          ; Low Pulse Width  ; CLK   ; Rise       ; CLK~clkctrl|outclk   ;
; 0.500  ; 0.500        ; 0.000          ; High Pulse Width ; CLK   ; Rise       ; U1|Qn|clk            ;
; 0.500  ; 0.500        ; 0.000          ; Low Pulse Width  ; CLK   ; Rise       ; U1|Qn|clk            ;
; 0.500  ; 0.500        ; 0.000          ; High Pulse Width ; CLK   ; Rise       ; U1|Q|clk             ;
; 0.500  ; 0.500        ; 0.000          ; Low Pulse Width  ; CLK   ; Rise       ; U1|Q|clk             ;
+--------+--------------+----------------+------------------+-------+------------+----------------------+


+--------------------------------------------------------------------------------------------------------------+
; Fast Model Minimum Pulse Width: 'D_FF:U1|Qn'                                                                 ;
+--------+--------------+----------------+------------------+------------+------------+------------------------+
; Slack  ; Actual Width ; Required Width ; Type             ; Clock      ; Clock Edge ; Target                 ;
+--------+--------------+----------------+------------------+------------+------------+------------------------+
; -0.500 ; 0.500        ; 1.000          ; High Pulse Width ; D_FF:U1|Qn ; Rise       ; D_FF:U2|Q              ;
; -0.500 ; 0.500        ; 1.000          ; Low Pulse Width  ; D_FF:U1|Qn ; Rise       ; D_FF:U2|Q              ;
; -0.500 ; 0.500        ; 1.000          ; High Pulse Width ; D_FF:U1|Qn ; Rise       ; D_FF:U2|Qn             ;
; -0.500 ; 0.500        ; 1.000          ; Low Pulse Width  ; D_FF:U1|Qn ; Rise       ; D_FF:U2|Qn             ;
; 0.500  ; 0.500        ; 0.000          ; High Pulse Width ; D_FF:U1|Qn ; Rise       ; U1|Qn|regout           ;
; 0.500  ; 0.500        ; 0.000          ; Low Pulse Width  ; D_FF:U1|Qn ; Rise       ; U1|Qn|regout           ;
; 0.500  ; 0.500        ; 0.000          ; High Pulse Width ; D_FF:U1|Qn ; Rise       ; U1|Qn~clkctrl|inclk[0] ;
; 0.500  ; 0.500        ; 0.000          ; Low Pulse Width  ; D_FF:U1|Qn ; Rise       ; U1|Qn~clkctrl|inclk[0] ;
; 0.500  ; 0.500        ; 0.000          ; High Pulse Width ; D_FF:U1|Qn ; Rise       ; U1|Qn~clkctrl|outclk   ;
; 0.500  ; 0.500        ; 0.000          ; Low Pulse Width  ; D_FF:U1|Qn ; Rise       ; U1|Qn~clkctrl|outclk   ;
; 0.500  ; 0.500        ; 0.000          ; High Pulse Width ; D_FF:U1|Qn ; Rise       ; U2|Qn|clk              ;
; 0.500  ; 0.500        ; 0.000          ; Low Pulse Width  ; D_FF:U1|Qn ; Rise       ; U2|Qn|clk              ;
; 0.500  ; 0.500        ; 0.000          ; High Pulse Width ; D_FF:U1|Qn ; Rise       ; U2|Q|clk               ;
; 0.500  ; 0.500        ; 0.000          ; Low Pulse Width  ; D_FF:U1|Qn ; Rise       ; U2|Q|clk               ;
+--------+--------------+----------------+------------------+------------+------------+------------------------+


+--------------------------------------------------------------------------------------------------------------+
; Fast Model Minimum Pulse Width: 'D_FF:U2|Qn'                                                                 ;
+--------+--------------+----------------+------------------+------------+------------+------------------------+
; Slack  ; Actual Width ; Required Width ; Type             ; Clock      ; Clock Edge ; Target                 ;
+--------+--------------+----------------+------------------+------------+------------+------------------------+
; -0.500 ; 0.500        ; 1.000          ; High Pulse Width ; D_FF:U2|Qn ; Fall       ; D_FF:U3|Q              ;
; -0.500 ; 0.500        ; 1.000          ; Low Pulse Width  ; D_FF:U2|Qn ; Fall       ; D_FF:U3|Q              ;
; -0.500 ; 0.500        ; 1.000          ; High Pulse Width ; D_FF:U2|Qn ; Fall       ; D_FF:U3|Qn             ;
; -0.500 ; 0.500        ; 1.000          ; Low Pulse Width  ; D_FF:U2|Qn ; Fall       ; D_FF:U3|Qn             ;
; 0.500  ; 0.500        ; 0.000          ; High Pulse Width ; D_FF:U2|Qn ; Rise       ; U2|Qn|regout           ;
; 0.500  ; 0.500        ; 0.000          ; Low Pulse Width  ; D_FF:U2|Qn ; Rise       ; U2|Qn|regout           ;
; 0.500  ; 0.500        ; 0.000          ; High Pulse Width ; D_FF:U2|Qn ; Rise       ; U2|Qn~clkctrl|inclk[0] ;
; 0.500  ; 0.500        ; 0.000          ; Low Pulse Width  ; D_FF:U2|Qn ; Rise       ; U2|Qn~clkctrl|inclk[0] ;
; 0.500  ; 0.500        ; 0.000          ; High Pulse Width ; D_FF:U2|Qn ; Rise       ; U2|Qn~clkctrl|outclk   ;
; 0.500  ; 0.500        ; 0.000          ; Low Pulse Width  ; D_FF:U2|Qn ; Rise       ; U2|Qn~clkctrl|outclk   ;
; 0.500  ; 0.500        ; 0.000          ; High Pulse Width ; D_FF:U2|Qn ; Rise       ; U3|Qn|clk              ;
; 0.500  ; 0.500        ; 0.000          ; Low Pulse Width  ; D_FF:U2|Qn ; Rise       ; U3|Qn|clk              ;
; 0.500  ; 0.500        ; 0.000          ; High Pulse Width ; D_FF:U2|Qn ; Rise       ; U3|Q|clk               ;
; 0.500  ; 0.500        ; 0.000          ; Low Pulse Width  ; D_FF:U2|Qn ; Rise       ; U3|Q|clk               ;
+--------+--------------+----------------+------------------+------------+------------+------------------------+


+-----------------------------------------------------------------------+
; Clock to Output Times                                                 ;
+-----------+------------+-------+-------+------------+-----------------+
; Data Port ; Clock Port ; Rise  ; Fall  ; Clock Edge ; Clock Reference ;
+-----------+------------+-------+-------+------------+-----------------+
; Q0        ; CLK        ; 4.487 ; 4.487 ; Fall       ; CLK             ;
; Q0n       ; D_FF:U1|Qn ;       ; 1.948 ; Rise       ; D_FF:U1|Qn      ;
; Q1        ; D_FF:U1|Qn ; 4.037 ; 4.037 ; Rise       ; D_FF:U1|Qn      ;
; Q0n       ; D_FF:U1|Qn ; 1.948 ;       ; Fall       ; D_FF:U1|Qn      ;
; Q1n       ; D_FF:U2|Qn ; 1.960 ;       ; Rise       ; D_FF:U2|Qn      ;
; Q1n       ; D_FF:U2|Qn ;       ; 1.960 ; Fall       ; D_FF:U2|Qn      ;
; Q2        ; D_FF:U2|Qn ; 4.270 ; 4.270 ; Fall       ; D_FF:U2|Qn      ;
; Q2n       ; D_FF:U2|Qn ; 3.370 ; 3.370 ; Fall       ; D_FF:U2|Qn      ;
+-----------+------------+-------+-------+------------+-----------------+


+-----------------------------------------------------------------------+
; Minimum Clock to Output Times                                         ;
+-----------+------------+-------+-------+------------+-----------------+
; Data Port ; Clock Port ; Rise  ; Fall  ; Clock Edge ; Clock Reference ;
+-----------+------------+-------+-------+------------+-----------------+
; Q0        ; CLK        ; 4.487 ; 4.487 ; Fall       ; CLK             ;
; Q0n       ; D_FF:U1|Qn ;       ; 1.948 ; Rise       ; D_FF:U1|Qn      ;
; Q1        ; D_FF:U1|Qn ; 4.037 ; 4.037 ; Rise       ; D_FF:U1|Qn      ;
; Q0n       ; D_FF:U1|Qn ; 1.948 ;       ; Fall       ; D_FF:U1|Qn      ;
; Q1n       ; D_FF:U2|Qn ; 1.960 ;       ; Rise       ; D_FF:U2|Qn      ;
; Q1n       ; D_FF:U2|Qn ;       ; 1.960 ; Fall       ; D_FF:U2|Qn      ;
; Q2        ; D_FF:U2|Qn ; 4.270 ; 4.270 ; Fall       ; D_FF:U2|Qn      ;
; Q2n       ; D_FF:U2|Qn ; 3.370 ; 3.370 ; Fall       ; D_FF:U2|Qn      ;
+-----------+------------+-------+-------+------------+-----------------+


+------------------------------------------------------------------------------+
; Multicorner Timing Analysis Summary                                          ;
+------------------+-------+--------+----------+---------+---------------------+
; Clock            ; Setup ; Hold   ; Recovery ; Removal ; Minimum Pulse Width ;
+------------------+-------+--------+----------+---------+---------------------+
; Worst-case Slack ; 0.232 ; -2.251 ; -1.341   ; 0.694   ; -1.380              ;
;  CLK             ; 0.247 ; -2.251 ; -1.114   ; 0.694   ; -1.380              ;
;  D_FF:U1|Qn      ; 0.232 ; -1.727 ; N/A      ; N/A     ; -0.500              ;
;  D_FF:U2|Qn      ; 0.235 ; 0.243  ; -1.341   ; 0.878   ; -0.500              ;
; Design-wide TNS  ; 0.0   ; -3.978 ; -4.91    ; 0.0     ; -7.38               ;
;  CLK             ; 0.000 ; -2.251 ; -2.228   ; 0.000   ; -3.380              ;
;  D_FF:U1|Qn      ; 0.000 ; -1.727 ; N/A      ; N/A     ; -2.000              ;
;  D_FF:U2|Qn      ; 0.000 ; 0.000  ; -2.682   ; 0.000   ; -2.000              ;
+------------------+-------+--------+----------+---------+---------------------+


+-----------------------------------------------------------------------+
; Clock to Output Times                                                 ;
+-----------+------------+-------+-------+------------+-----------------+
; Data Port ; Clock Port ; Rise  ; Fall  ; Clock Edge ; Clock Reference ;
+-----------+------------+-------+-------+------------+-----------------+
; Q0        ; CLK        ; 8.237 ; 8.237 ; Fall       ; CLK             ;
; Q0n       ; D_FF:U1|Qn ;       ; 3.627 ; Rise       ; D_FF:U1|Qn      ;
; Q1        ; D_FF:U1|Qn ; 7.358 ; 7.358 ; Rise       ; D_FF:U1|Qn      ;
; Q0n       ; D_FF:U1|Qn ; 3.627 ;       ; Fall       ; D_FF:U1|Qn      ;
; Q1n       ; D_FF:U2|Qn ; 3.673 ;       ; Rise       ; D_FF:U2|Qn      ;
; Q1n       ; D_FF:U2|Qn ;       ; 3.673 ; Fall       ; D_FF:U2|Qn      ;
; Q2        ; D_FF:U2|Qn ; 7.917 ; 7.917 ; Fall       ; D_FF:U2|Qn      ;
; Q2n       ; D_FF:U2|Qn ; 5.969 ; 5.969 ; Fall       ; D_FF:U2|Qn      ;
+-----------+------------+-------+-------+------------+-----------------+


+-----------------------------------------------------------------------+
; Minimum Clock to Output Times                                         ;
+-----------+------------+-------+-------+------------+-----------------+
; Data Port ; Clock Port ; Rise  ; Fall  ; Clock Edge ; Clock Reference ;
+-----------+------------+-------+-------+------------+-----------------+
; Q0        ; CLK        ; 4.487 ; 4.487 ; Fall       ; CLK             ;
; Q0n       ; D_FF:U1|Qn ;       ; 1.948 ; Rise       ; D_FF:U1|Qn      ;
; Q1        ; D_FF:U1|Qn ; 4.037 ; 4.037 ; Rise       ; D_FF:U1|Qn      ;
; Q0n       ; D_FF:U1|Qn ; 1.948 ;       ; Fall       ; D_FF:U1|Qn      ;
; Q1n       ; D_FF:U2|Qn ; 1.960 ;       ; Rise       ; D_FF:U2|Qn      ;
; Q1n       ; D_FF:U2|Qn ;       ; 1.960 ; Fall       ; D_FF:U2|Qn      ;
; Q2        ; D_FF:U2|Qn ; 4.270 ; 4.270 ; Fall       ; D_FF:U2|Qn      ;
; Q2n       ; D_FF:U2|Qn ; 3.370 ; 3.370 ; Fall       ; D_FF:U2|Qn      ;
+-----------+------------+-------+-------+------------+-----------------+


+---------------------------------------------------------------------+
; Setup Transfers                                                     ;
+------------+------------+----------+----------+----------+----------+
; From Clock ; To Clock   ; RR Paths ; FR Paths ; RF Paths ; FF Paths ;
+------------+------------+----------+----------+----------+----------+
; CLK        ; CLK        ; 0        ; 0        ; 0        ; 1        ;
; D_FF:U1|Qn ; CLK        ; 0        ; 0        ; 1        ; 1        ;
; D_FF:U1|Qn ; D_FF:U1|Qn ; 1        ; 0        ; 0        ; 0        ;
; D_FF:U2|Qn ; D_FF:U1|Qn ; 1        ; 1        ; 0        ; 0        ;
; D_FF:U2|Qn ; D_FF:U2|Qn ; 0        ; 0        ; 0        ; 2        ;
+------------+------------+----------+----------+----------+----------+
Entries labeled "false path" only account for clock-to-clock false paths and not path-based false paths. As a result, actual path counts may be lower than reported.


+---------------------------------------------------------------------+
; Hold Transfers                                                      ;
+------------+------------+----------+----------+----------+----------+
; From Clock ; To Clock   ; RR Paths ; FR Paths ; RF Paths ; FF Paths ;
+------------+------------+----------+----------+----------+----------+
; CLK        ; CLK        ; 0        ; 0        ; 0        ; 1        ;
; D_FF:U1|Qn ; CLK        ; 0        ; 0        ; 1        ; 1        ;
; D_FF:U1|Qn ; D_FF:U1|Qn ; 1        ; 0        ; 0        ; 0        ;
; D_FF:U2|Qn ; D_FF:U1|Qn ; 1        ; 1        ; 0        ; 0        ;
; D_FF:U2|Qn ; D_FF:U2|Qn ; 0        ; 0        ; 0        ; 2        ;
+------------+------------+----------+----------+----------+----------+
Entries labeled "false path" only account for clock-to-clock false paths and not path-based false paths. As a result, actual path counts may be lower than reported.


+---------------------------------------------------------------------+
; Recovery Transfers                                                  ;
+------------+------------+----------+----------+----------+----------+
; From Clock ; To Clock   ; RR Paths ; FR Paths ; RF Paths ; FF Paths ;
+------------+------------+----------+----------+----------+----------+
; CLK        ; CLK        ; 0        ; 0        ; 0        ; 2        ;
; D_FF:U1|Qn ; CLK        ; 0        ; 0        ; 2        ; 0        ;
; D_FF:U2|Qn ; CLK        ; 0        ; 0        ; 0        ; 2        ;
; CLK        ; D_FF:U2|Qn ; 0        ; 0        ; 0        ; 2        ;
; D_FF:U1|Qn ; D_FF:U2|Qn ; 0        ; 0        ; 2        ; 0        ;
; D_FF:U2|Qn ; D_FF:U2|Qn ; 0        ; 0        ; 0        ; 2        ;
+------------+------------+----------+----------+----------+----------+
Entries labeled "false path" only account for clock-to-clock false paths and not path-based false paths. As a result, actual path counts may be lower than reported.


+---------------------------------------------------------------------+
; Removal Transfers                                                   ;
+------------+------------+----------+----------+----------+----------+
; From Clock ; To Clock   ; RR Paths ; FR Paths ; RF Paths ; FF Paths ;
+------------+------------+----------+----------+----------+----------+
; CLK        ; CLK        ; 0        ; 0        ; 0        ; 2        ;
; D_FF:U1|Qn ; CLK        ; 0        ; 0        ; 2        ; 0        ;
; D_FF:U2|Qn ; CLK        ; 0        ; 0        ; 0        ; 2        ;
; CLK        ; D_FF:U2|Qn ; 0        ; 0        ; 0        ; 2        ;
; D_FF:U1|Qn ; D_FF:U2|Qn ; 0        ; 0        ; 2        ; 0        ;
; D_FF:U2|Qn ; D_FF:U2|Qn ; 0        ; 0        ; 0        ; 2        ;
+------------+------------+----------+----------+----------+----------+
Entries labeled "false path" only account for clock-to-clock false paths and not path-based false paths. As a result, actual path counts may be lower than reported.


---------------
; Report TCCS ;
---------------
No dedicated SERDES Transmitter circuitry present in device or used in design


---------------
; Report RSKM ;
---------------
No dedicated SERDES Receiver circuitry present in device or used in design


+------------------------------------------------+
; Unconstrained Paths                            ;
+---------------------------------+-------+------+
; Property                        ; Setup ; Hold ;
+---------------------------------+-------+------+
; Illegal Clocks                  ; 0     ; 0    ;
; Unconstrained Clocks            ; 0     ; 0    ;
; Unconstrained Input Ports       ; 0     ; 0    ;
; Unconstrained Input Port Paths  ; 0     ; 0    ;
; Unconstrained Output Ports      ; 6     ; 6    ;
; Unconstrained Output Port Paths ; 6     ; 6    ;
+---------------------------------+-------+------+


+------------------------------------+
; TimeQuest Timing Analyzer Messages ;
+------------------------------------+
Info: *******************************************************************
Info: Running Quartus II 64-Bit TimeQuest Timing Analyzer
    Info: Version 13.0.1 Build 232 06/12/2013 Service Pack 1 SJ Web Edition
    Info: Processing started: Thu Dec 16 23:53:44 2021
Info: Command: quartus_sta tn5 -c tn5
Info: qsta_default_script.tcl version: #1
Warning (20028): Parallel compilation is not licensed and has been disabled
Info (21077): Low junction temperature is 0 degrees C
Info (21077): High junction temperature is 85 degrees C
Critical Warning (332012): Synopsys Design Constraints File file not found: 'tn5.sdc'. A Synopsys Design Constraints File is required by the TimeQuest Timing Analyzer to get proper timing constraints. Without it, the Compiler will not properly optimize the design.
Info (332142): No user constrained base clocks found in the design. Calling "derive_clocks -period 1.0"
Info (332105): Deriving Clocks
    Info (332105): create_clock -period 1.000 -name D_FF:U2|Qn D_FF:U2|Qn
    Info (332105): create_clock -period 1.000 -name D_FF:U1|Qn D_FF:U1|Qn
    Info (332105): create_clock -period 1.000 -name CLK CLK
Info: Found TIMEQUEST_REPORT_SCRIPT_INCLUDE_DEFAULT_ANALYSIS = ON
Info: Analyzing Slow Model
Info (332146): Worst-case setup slack is 0.232
    Info (332119):     Slack End Point TNS Clock 
    Info (332119): ========= ============= =====================
    Info (332119):     0.232         0.000 D_FF:U1|Qn 
    Info (332119):     0.235         0.000 D_FF:U2|Qn 
    Info (332119):     0.247         0.000 CLK 
Critical Warning (332148): Timing requirements not met
Info (332146): Worst-case hold slack is -2.251
    Info (332119):     Slack End Point TNS Clock 
    Info (332119): ========= ============= =====================
    Info (332119):    -2.251        -2.251 CLK 
    Info (332119):    -1.727        -1.727 D_FF:U1|Qn 
    Info (332119):     0.530         0.000 D_FF:U2|Qn 
Info (332146): Worst-case recovery slack is -1.341
    Info (332119):     Slack End Point TNS Clock 
    Info (332119): ========= ============= =====================
    Info (332119):    -1.341        -2.682 D_FF:U2|Qn 
    Info (332119):    -1.114        -2.228 CLK 
Info (332146): Worst-case removal slack is 1.466
    Info (332119):     Slack End Point TNS Clock 
    Info (332119): ========= ============= =====================
    Info (332119):     1.466         0.000 CLK 
    Info (332119):     1.693         0.000 D_FF:U2|Qn 
Info (332146): Worst-case minimum pulse width slack is -1.380
    Info (332119):     Slack End Point TNS Clock 
    Info (332119): ========= ============= =====================
    Info (332119):    -1.380        -3.380 CLK 
    Info (332119):    -0.500        -2.000 D_FF:U1|Qn 
    Info (332119):    -0.500        -2.000 D_FF:U2|Qn 
Info (332001): The selected device family is not supported by the report_metastability command.
Info: Analyzing Fast Model
Info (332146): Worst-case setup slack is 0.612
    Info (332119):     Slack End Point TNS Clock 
    Info (332119): ========= ============= =====================
    Info (332119):     0.612         0.000 D_FF:U1|Qn 
    Info (332119):     0.614         0.000 D_FF:U2|Qn 
    Info (332119):     0.641         0.000 CLK 
Critical Warning (332148): Timing requirements not met
Info (332146): Worst-case hold slack is -1.493
    Info (332119):     Slack End Point TNS Clock 
    Info (332119): ========= ============= =====================
    Info (332119):    -1.493        -1.493 CLK 
    Info (332119):    -1.138        -1.138 D_FF:U1|Qn 
    Info (332119):     0.243         0.000 D_FF:U2|Qn 
Info (332146): Worst-case recovery slack is -0.397
    Info (332119):     Slack End Point TNS Clock 
    Info (332119): ========= ============= =====================
    Info (332119):    -0.397        -0.794 D_FF:U2|Qn 
    Info (332119):    -0.213        -0.426 CLK 
Info (332146): Worst-case removal slack is 0.694
    Info (332119):     Slack End Point TNS Clock 
    Info (332119): ========= ============= =====================
    Info (332119):     0.694         0.000 CLK 
    Info (332119):     0.878         0.000 D_FF:U2|Qn 
Info (332146): Worst-case minimum pulse width slack is -1.380
    Info (332119):     Slack End Point TNS Clock 
    Info (332119): ========= ============= =====================
    Info (332119):    -1.380        -3.380 CLK 
    Info (332119):    -0.500        -2.000 D_FF:U1|Qn 
    Info (332119):    -0.500        -2.000 D_FF:U2|Qn 
Info (332001): The selected device family is not supported by the report_metastability command.
Info (332102): Design is not fully constrained for setup requirements
Info (332102): Design is not fully constrained for hold requirements
Info: Quartus II 64-Bit TimeQuest Timing Analyzer was successful. 0 errors, 4 warnings
    Info: Peak virtual memory: 4550 megabytes
    Info: Processing ended: Thu Dec 16 23:53:46 2021
    Info: Elapsed time: 00:00:02
    Info: Total CPU time (on all processors): 00:00:02


